<?xml version="1.0" encoding="UTF-8"?>
<!-- Generated by org.testng.reporters.JUnitXMLReporter -->
<testsuite hostname="DESKTOP-H5PSRKV" name="Command line test" tests="5" failures="0" timestamp="25 Sep 2018 07:32:08 GMT" time="153.102" errors="0">
  <testcase name="verifyguru99TCAddTariffPlanTest" time="21.155" classname="com.demotelecom.tests.guru99TCAddTariffPlanTest"/>
  <testcase name="verifyATPTCTest" time="10.731" classname="com.demotelecom.tests.guru99TCAddTariffPlanToCustTest"/>
  <testcase name="verifyaddcusomerpageTest" time="9.039" classname="com.demotelecom.tests.guru99TCaddcustomerTest"/>
  <testcase name="verifyguru99TChomepag" time="0.843" classname="com.demotelecom.tests.guru99TChomepagTest"/>
  <testcase name="verifyguru99TCpaBillTest" time="12.2" classname="com.demotelecom.tests.guru99TCpayBillTest"/>
</testsuite> <!-- Command line test -->
