<?xml version="1.0" encoding="UTF-8"?>
<testng-results skipped="0" failed="0" total="1" passed="1">
  <reporter-output>
  </reporter-output>
  <suite name="Default suite" duration-ms="30377" started-at="2018-09-25T07:26:38Z" finished-at="2018-09-25T07:27:08Z">
    <groups>
    </groups>
    <test name="Default test" duration-ms="30377" started-at="2018-09-25T07:26:38Z" finished-at="2018-09-25T07:27:08Z">
      <class name="com.demotelecom.tests.guru99TCaddcustomerTest">
        <test-method status="PASS" signature="setup()[pri:0, instance:com.demotelecom.tests.guru99TCaddcustomerTest@59f99ea]" name="setup" is-config="true" duration-ms="19443" started-at="2018-09-25T01:26:38Z" finished-at="2018-09-25T01:26:57Z">
          <reporter-output>
          </reporter-output>
        </test-method> <!-- setup -->
        <test-method status="PASS" signature="verifyaddcusomerpageTest()[pri:0, instance:com.demotelecom.tests.guru99TCaddcustomerTest@59f99ea]" name="verifyaddcusomerpageTest" duration-ms="10266" started-at="2018-09-25T01:26:57Z" finished-at="2018-09-25T01:27:07Z">
          <reporter-output>
          </reporter-output>
        </test-method> <!-- verifyaddcusomerpageTest -->
        <test-method status="PASS" signature="teardown()[pri:0, instance:com.demotelecom.tests.guru99TCaddcustomerTest@59f99ea]" name="teardown" is-config="true" duration-ms="626" started-at="2018-09-25T01:27:07Z" finished-at="2018-09-25T01:27:08Z">
          <reporter-output>
          </reporter-output>
        </test-method> <!-- teardown -->
      </class> <!-- com.demotelecom.tests.guru99TCaddcustomerTest -->
    </test> <!-- Default test -->
  </suite> <!-- Default suite -->
</testng-results>
