<?xml version="1.0" encoding="UTF-8"?>
<!-- Generated by org.testng.reporters.JUnitXMLReporter -->
<testsuite hostname="DESKTOP-H5PSRKV" name="GURU99TELECOME FUNCTIONAL Test Cases" tests="4" failures="0" timestamp="24 Sep 2018 18:24:20 GMT" time="84.272" errors="0">
  <testcase name="verifyguru99TChomepag" time="0.891" classname="com.demotelecom.tests.guru99TChomepagTest"/>
  <testcase name="verifyaddcusomerpageTest" time="17.701" classname="com.demotelecom.tests.guru99TCaddcustomerTest"/>
  <testcase name="verifyATPTCTest" time="8.65" classname="com.demotelecom.tests.guru99TCAddTariffPlanToCustTest"/>
  <testcase name="verifyguru99TCpaBillTest" time="5.03" classname="com.demotelecom.tests.guru99TCpayBillTest"/>
</testsuite> <!-- GURU99TELECOME FUNCTIONAL Test Cases -->
