<?xml version="1.0" encoding="UTF-8"?>
<!-- Generated by org.testng.reporters.JUnitXMLReporter -->
<testsuite hostname="DESKTOP-H5PSRKV" name="GURU99TELECOME Regression Test Cases" tests="4" failures="0" timestamp="25 Sep 2018 07:22:41 GMT" time="118.396" errors="0">
  <testcase name="verifyguru99TChomepag" time="2.46" classname="com.demotelecom.tests.guru99TChomepagTest"/>
  <testcase name="verifyaddcusomerpageTest" time="12.661" classname="com.demotelecom.tests.guru99TCaddcustomerTest"/>
  <testcase name="verifyATPTCTest" time="8.709" classname="com.demotelecom.tests.guru99TCAddTariffPlanToCustTest"/>
  <testcase name="verifyguru99TCpaBillTest" time="9.702" classname="com.demotelecom.tests.guru99TCpayBillTest"/>
</testsuite> <!-- GURU99TELECOME Regression Test Cases -->
